<?xml version="1.0" encoding="UTF-8"?>
<testng-results skipped="0" failed="0" total="1" passed="1">
  <reporter-output>
  </reporter-output>
  <suite name="Command line suite" duration-ms="11" started-at="2016-05-30T14:49:25Z" finished-at="2016-05-30T14:49:25Z">
    <groups>
    </groups>
    <test name="Command line test" duration-ms="11" started-at="2016-05-30T14:49:25Z" finished-at="2016-05-30T14:49:25Z">
      <class name="com.evolveum.polygon.test.slsfrc.AppTest">
        <test-method status="PASS" signature="testApp()[pri:0, instance:testApp(com.evolveum.polygon.test.slsfrc.AppTest)]" name="testApp" duration-ms="1" started-at="2016-05-30T16:49:25Z" finished-at="2016-05-30T16:49:25Z">
          <reporter-output>
          </reporter-output>
        </test-method> <!-- testApp -->
      </class> <!-- com.evolveum.polygon.test.slsfrc.AppTest -->
    </test> <!-- Command line test -->
  </suite> <!-- Command line suite -->
</testng-results>
