<?xml version="1.0" encoding="UTF-8"?>
<!-- Generated by org.testng.reporters.JUnitXMLReporter -->
<testsuite hostname="MATUS-LENOVO" name="Default test" tests="13" failures="1" timestamp="3 Aug 2016 12:17:37 GMT" time="14.025" errors="0">
  <testcase name="configurationTest" time="2.052" classname="com.evolveum.polygon.test.scim.Testclass"/>
  <testcase name="createObjectOnResourcesTest" time="1.997" classname="com.evolveum.polygon.test.scim.Testclass"/>
  <testcase name="createObjectOnResourcesTest" time="0.795" classname="com.evolveum.polygon.test.scim.Testclass"/>
  <testcase name="updateUserResourceObjectTest" time="0.98" classname="com.evolveum.polygon.test.scim.Testclass"/>
  <testcase name="updateUserResourceObjectTest" time="0.778" classname="com.evolveum.polygon.test.scim.Testclass">
    <failure type="org.identityconnectors.framework.common.exceptions.ConnectorIOException" message="Query for updating object was unsuccessful. Status code returned: 409">
      <![CDATA[org.identityconnectors.framework.common.exceptions.ConnectorIOException: Query for updating object was unsuccessful. Status code returned: 409
	at com.evolveum.polygon.scim.ScimCrudManager.onNoSuccess(ScimCrudManager.java:985)
	at com.evolveum.polygon.scim.ScimCrudManager.updateEntity(ScimCrudManager.java:822)
	at com.evolveum.polygon.scim.ScimConnector.update(ScimConnector.java:302)
	at com.evolveum.polygon.test.scim.TestConfiguration.updateResourceTestHelper(TestConfiguration.java:303)
	at com.evolveum.polygon.test.scim.Testclass.updateUserResourceObjectTest(Testclass.java:168)
	at sun.reflect.NativeMethodAccessorImpl.invoke0(Native Method)
	at sun.reflect.NativeMethodAccessorImpl.invoke(NativeMethodAccessorImpl.java:62)
	at sun.reflect.DelegatingMethodAccessorImpl.invoke(DelegatingMethodAccessorImpl.java:43)
	at java.lang.reflect.Method.invoke(Method.java:498)
	at org.testng.internal.MethodInvocationHelper.invokeMethod(MethodInvocationHelper.java:80)
	at org.testng.internal.Invoker.invokeMethod(Invoker.java:714)
	at org.testng.internal.Invoker.invokeTestMethod(Invoker.java:901)
	at org.testng.internal.Invoker.invokeTestMethods(Invoker.java:1231)
	at org.testng.internal.TestMethodWorker.invokeTestMethods(TestMethodWorker.java:127)
	at org.testng.internal.TestMethodWorker.run(TestMethodWorker.java:111)
	at org.testng.TestRunner.privateRun(TestRunner.java:767)
	at org.testng.TestRunner.run(TestRunner.java:617)
	at org.testng.SuiteRunner.runTest(SuiteRunner.java:334)
	at org.testng.SuiteRunner.runSequentially(SuiteRunner.java:329)
	at org.testng.SuiteRunner.privateRun(SuiteRunner.java:291)
	at org.testng.SuiteRunner.run(SuiteRunner.java:240)
	at org.testng.SuiteRunnerWorker.runSuite(SuiteRunnerWorker.java:52)
	at org.testng.SuiteRunnerWorker.run(SuiteRunnerWorker.java:86)
	at org.testng.TestNG.runSuitesSequentially(TestNG.java:1198)
	at org.testng.TestNG.runSuitesLocally(TestNG.java:1123)
	at org.testng.TestNG.run(TestNG.java:1031)
	at org.testng.remote.AbstractRemoteTestNG.run(AbstractRemoteTestNG.java:126)
	at org.testng.remote.RemoteTestNG.initAndRun(RemoteTestNG.java:137)
	at org.testng.remote.RemoteTestNG.main(RemoteTestNG.java:58)
]]>
    </failure>
  </testcase> <!-- updateUserResourceObjectTest -->
  <testcase name="updateUserResourceObjectTest" time="1.501" classname="com.evolveum.polygon.test.scim.Testclass"/>
  <testcase name="updateUserResourceObjectTest" time="0.986" classname="com.evolveum.polygon.test.scim.Testclass"/>
  <testcase name="listAllfromResourcesTest" time="0.852" classname="com.evolveum.polygon.test.scim.Testclass"/>
  <testcase name="listAllfromResourcesTest" time="0.694" classname="com.evolveum.polygon.test.scim.Testclass"/>
  <testcase name="deleteObjectfromResourcesTest" time="1.713" classname="com.evolveum.polygon.test.scim.Testclass"/>
  <testcase name="deleteObjectfromResourcesTest" time="1.63" classname="com.evolveum.polygon.test.scim.Testclass"/>
  <testcase name="updateGroupResourceObjectTest" time="0.0" classname="com.evolveum.polygon.test.scim.Testclass">
    <skipped/>
  </testcase> <!-- updateGroupResourceObjectTest -->
  <testcase name="filterMethodTest" time="0.001" classname="com.evolveum.polygon.test.scim.Testclass">
    <skipped/>
  </testcase> <!-- filterMethodTest -->
</testsuite> <!-- Default test -->
