<?xml version="1.0" encoding="UTF-8"?>
<testng-results skipped="0" failed="0" total="1" passed="1">
  <reporter-output>
  </reporter-output>
  <suite name="Command line suite" duration-ms="20" started-at="2016-06-08T11:42:14Z" finished-at="2016-06-08T11:42:14Z">
    <groups>
    </groups>
    <test name="Command line test" duration-ms="20" started-at="2016-06-08T11:42:14Z" finished-at="2016-06-08T11:42:14Z">
      <class name="com.evolveum.polygon.test.slsfrc.Testclass">
        <test-method status="PASS" signature="testClass()[pri:0, instance:com.evolveum.polygon.test.slsfrc.Testclass@34ce8af7]" name="testClass" duration-ms="10" started-at="2016-06-08T13:42:14Z" finished-at="2016-06-08T13:42:14Z">
          <reporter-output>
          </reporter-output>
        </test-method> <!-- testClass -->
      </class> <!-- com.evolveum.polygon.test.slsfrc.Testclass -->
    </test> <!-- Command line test -->
  </suite> <!-- Command line suite -->
</testng-results>
