<?xml version="1.0" encoding="UTF-8"?>
<testng-results skipped="0" failed="0" total="0" passed="0">
  <reporter-output>
  </reporter-output>
  <suite name="com.test.slsfrc.salesfrcTest.AppTest" duration-ms="4" started-at="2016-04-27T07:16:56Z" finished-at="2016-04-27T07:16:56Z">
    <groups>
    </groups>
    <test name="Command line test" duration-ms="4" started-at="2016-04-27T07:16:56Z" finished-at="2016-04-27T07:16:56Z">
    </test> <!-- Command line test -->
  </suite> <!-- com.test.slsfrc.salesfrcTest.AppTest -->
</testng-results>
