<?xml version="1.0" encoding="UTF-8"?>
<testng-results skipped="0" failed="3" total="16" passed="13">
  <reporter-output>
  </reporter-output>
  <suite name="Default suite" duration-ms="16844" started-at="2016-08-15T14:04:39Z" finished-at="2016-08-15T14:04:56Z">
    <groups>
    </groups>
    <test name="Default test" duration-ms="16844" started-at="2016-08-15T14:04:39Z" finished-at="2016-08-15T14:04:56Z">
      <class name="com.evolveum.polygon.test.scim.Testclass">
        <test-method status="PASS" signature="configurationTest(java.util.HashMap, java.lang.Boolean)[pri:0, instance:com.evolveum.polygon.test.scim.Testclass@36d4b5c]" name="configurationTest" duration-ms="1807" started-at="2016-08-15T16:04:39Z" data-provider="tesConfigProvider" finished-at="2016-08-15T16:04:41Z">
          <params>
            <param index="0">
              <value>
                <![CDATA[{endpoint=/scim, password=**, clientID=**, baseurl=https://api.slack.com, loginUrl=, service=**, clientSecret=**, userName=**, version=/v1, authentication=token, token=xoxp-55640697315-55701064386-65366675831-34c4c14ce0}]]>
              </value>
            </param>
            <param index="1">
              <value>
                <![CDATA[true]]>
              </value>
            </param>
          </params>
          <reporter-output>
          </reporter-output>
        </test-method> <!-- configurationTest -->
        <test-method status="PASS" signature="cleanup(org.testng.ITestResult)[pri:0, instance:com.evolveum.polygon.test.scim.Testclass@36d4b5c]" name="cleanup" is-config="true" duration-ms="2" started-at="2016-08-15T16:04:41Z" finished-at="2016-08-15T16:04:41Z">
          <params>
            <param index="0">
              <value>
                <![CDATA[[TestResult name=configurationTest status=SUCCESS method=Testclass.configurationTest(java.util.HashMap, java.lang.Boolean)[pri:0, instance:com.evolveum.polygon.test.scim.Testclass@36d4b5c] output={null}]]]>
              </value>
            </param>
          </params>
          <reporter-output>
          </reporter-output>
        </test-method> <!-- cleanup -->
        <test-method status="PASS" signature="createObjectOnResourcesTest(java.lang.String, java.lang.Boolean)[pri:0, instance:com.evolveum.polygon.test.scim.Testclass@36d4b5c]" name="createObjectOnResourcesTest" duration-ms="782" started-at="2016-08-15T16:04:41Z" data-provider="createTestProvider" depends-on-methods="com.evolveum.polygon.test.scim.Testclass.configurationTest" finished-at="2016-08-15T16:04:42Z">
          <params>
            <param index="0">
              <value>
                <![CDATA[users]]>
              </value>
            </param>
            <param index="1">
              <value>
                <![CDATA[true]]>
              </value>
            </param>
          </params>
          <reporter-output>
          </reporter-output>
        </test-method> <!-- createObjectOnResourcesTest -->
        <test-method status="PASS" signature="createObjectOnResourcesTest(java.lang.String, java.lang.Boolean)[pri:0, instance:com.evolveum.polygon.test.scim.Testclass@36d4b5c]" name="createObjectOnResourcesTest" duration-ms="863" started-at="2016-08-15T16:04:42Z" data-provider="createTestProvider" depends-on-methods="com.evolveum.polygon.test.scim.Testclass.configurationTest" finished-at="2016-08-15T16:04:43Z">
          <params>
            <param index="0">
              <value>
                <![CDATA[groups]]>
              </value>
            </param>
            <param index="1">
              <value>
                <![CDATA[true]]>
              </value>
            </param>
          </params>
          <reporter-output>
          </reporter-output>
        </test-method> <!-- createObjectOnResourcesTest -->
        <test-method status="PASS" signature="cleanup(org.testng.ITestResult)[pri:0, instance:com.evolveum.polygon.test.scim.Testclass@36d4b5c]" name="cleanup" is-config="true" duration-ms="0" started-at="2016-08-15T16:04:42Z" finished-at="2016-08-15T16:04:42Z">
          <params>
            <param index="0">
              <value>
                <![CDATA[[TestResult name=createObjectOnResourcesTest status=SUCCESS method=Testclass.createObjectOnResourcesTest(java.lang.String, java.lang.Boolean)[pri:0, instance:com.evolveum.polygon.test.scim.Testclass@36d4b5c] output={null}]]]>
              </value>
            </param>
          </params>
          <reporter-output>
          </reporter-output>
        </test-method> <!-- cleanup -->
        <test-method status="PASS" signature="cleanup(org.testng.ITestResult)[pri:0, instance:com.evolveum.polygon.test.scim.Testclass@36d4b5c]" name="cleanup" is-config="true" duration-ms="1" started-at="2016-08-15T16:04:43Z" finished-at="2016-08-15T16:04:43Z">
          <params>
            <param index="0">
              <value>
                <![CDATA[[TestResult name=createObjectOnResourcesTest status=SUCCESS method=Testclass.createObjectOnResourcesTest(java.lang.String, java.lang.Boolean)[pri:0, instance:com.evolveum.polygon.test.scim.Testclass@36d4b5c] output={null}]]]>
              </value>
            </param>
          </params>
          <reporter-output>
          </reporter-output>
        </test-method> <!-- cleanup -->
        <test-method status="PASS" signature="parameterConsistencyTest(java.lang.String, java.lang.String)[pri:0, instance:com.evolveum.polygon.test.scim.Testclass@36d4b5c]" name="parameterConsistencyTest" duration-ms="647" started-at="2016-08-15T16:04:43Z" data-provider="parameterConsistencyTestProvider" depends-on-methods="com.evolveum.polygon.test.scim.Testclass.createObjectOnResourcesTest" finished-at="2016-08-15T16:04:43Z">
          <params>
            <param index="0">
              <value>
                <![CDATA[groups]]>
              </value>
            </param>
            <param index="1">
              <value>
                <![CDATA[uid]]>
              </value>
            </param>
          </params>
          <reporter-output>
          </reporter-output>
        </test-method> <!-- parameterConsistencyTest -->
        <test-method status="PASS" signature="cleanup(org.testng.ITestResult)[pri:0, instance:com.evolveum.polygon.test.scim.Testclass@36d4b5c]" name="cleanup" is-config="true" duration-ms="1" started-at="2016-08-15T16:04:43Z" finished-at="2016-08-15T16:04:43Z">
          <params>
            <param index="0">
              <value>
                <![CDATA[[TestResult name=parameterConsistencyTest status=SUCCESS method=Testclass.parameterConsistencyTest(java.lang.String, java.lang.String)[pri:0, instance:com.evolveum.polygon.test.scim.Testclass@36d4b5c] output={null}]]]>
              </value>
            </param>
          </params>
          <reporter-output>
          </reporter-output>
        </test-method> <!-- cleanup -->
        <test-method status="FAIL" signature="parameterConsistencyTest(java.lang.String, java.lang.String)[pri:0, instance:com.evolveum.polygon.test.scim.Testclass@36d4b5c]" name="parameterConsistencyTest" duration-ms="565" started-at="2016-08-15T16:04:43Z" data-provider="parameterConsistencyTestProvider" depends-on-methods="com.evolveum.polygon.test.scim.Testclass.createObjectOnResourcesTest" finished-at="2016-08-15T16:04:44Z">
          <params>
            <param index="0">
              <value>
                <![CDATA[users]]>
              </value>
            </param>
            <param index="1">
              <value>
                <![CDATA[uid]]>
              </value>
            </param>
          </params>
          <exception class="java.lang.AssertionError">
            <message>
              <![CDATA[expected [emails.work.value] but found [#AttributeNameNotFound#]]]>
            </message>
            <full-stacktrace>
              <![CDATA[java.lang.AssertionError: expected [emails.work.value] but found [#AttributeNameNotFound#]
	at org.testng.Assert.fail(Assert.java:94)
	at org.testng.Assert.failNotEquals(Assert.java:494)
	at org.testng.Assert.assertEquals(Assert.java:123)
	at org.testng.Assert.assertEquals(Assert.java:176)
	at org.testng.Assert.assertEquals(Assert.java:186)
	at com.evolveum.polygon.test.scim.Testclass.parameterConsistencyTest(Testclass.java:192)
	at sun.reflect.NativeMethodAccessorImpl.invoke0(Native Method)
	at sun.reflect.NativeMethodAccessorImpl.invoke(NativeMethodAccessorImpl.java:62)
	at sun.reflect.DelegatingMethodAccessorImpl.invoke(DelegatingMethodAccessorImpl.java:43)
	at java.lang.reflect.Method.invoke(Method.java:498)
	at org.testng.internal.MethodInvocationHelper.invokeMethod(MethodInvocationHelper.java:80)
	at org.testng.internal.Invoker.invokeMethod(Invoker.java:714)
	at org.testng.internal.Invoker.invokeTestMethod(Invoker.java:901)
	at org.testng.internal.Invoker.invokeTestMethods(Invoker.java:1231)
	at org.testng.internal.TestMethodWorker.invokeTestMethods(TestMethodWorker.java:127)
	at org.testng.internal.TestMethodWorker.run(TestMethodWorker.java:111)
	at org.testng.TestRunner.privateRun(TestRunner.java:767)
	at org.testng.TestRunner.run(TestRunner.java:617)
	at org.testng.SuiteRunner.runTest(SuiteRunner.java:334)
	at org.testng.SuiteRunner.runSequentially(SuiteRunner.java:329)
	at org.testng.SuiteRunner.privateRun(SuiteRunner.java:291)
	at org.testng.SuiteRunner.run(SuiteRunner.java:240)
	at org.testng.SuiteRunnerWorker.runSuite(SuiteRunnerWorker.java:52)
	at org.testng.SuiteRunnerWorker.run(SuiteRunnerWorker.java:86)
	at org.testng.TestNG.runSuitesSequentially(TestNG.java:1198)
	at org.testng.TestNG.runSuitesLocally(TestNG.java:1123)
	at org.testng.TestNG.run(TestNG.java:1031)
	at org.testng.remote.AbstractRemoteTestNG.run(AbstractRemoteTestNG.java:126)
	at org.testng.remote.RemoteTestNG.initAndRun(RemoteTestNG.java:137)
	at org.testng.remote.RemoteTestNG.main(RemoteTestNG.java:58)
]]>
            </full-stacktrace>
          </exception> <!-- java.lang.AssertionError -->
          <reporter-output>
          </reporter-output>
        </test-method> <!-- parameterConsistencyTest -->
        <test-method status="PASS" signature="cleanup(org.testng.ITestResult)[pri:0, instance:com.evolveum.polygon.test.scim.Testclass@36d4b5c]" name="cleanup" is-config="true" duration-ms="1141" started-at="2016-08-15T16:04:44Z" finished-at="2016-08-15T16:04:45Z">
          <params>
            <param index="0">
              <value>
                <![CDATA[[TestResult name=parameterConsistencyTest status=FAILURE method=Testclass.parameterConsistencyTest(java.lang.String, java.lang.String)[pri:0, instance:com.evolveum.polygon.test.scim.Testclass@36d4b5c] output={null}]]]>
              </value>
            </param>
          </params>
          <reporter-output>
          </reporter-output>
        </test-method> <!-- cleanup -->
        <test-method status="PASS" signature="updateUserResourceObjectTest(java.lang.String, org.identityconnectors.framework.common.objects.Uid)[pri:0, instance:com.evolveum.polygon.test.scim.Testclass@36d4b5c]" name="updateUserResourceObjectTest" duration-ms="595" started-at="2016-08-15T16:04:45Z" data-provider="updateUserResourceObjectTestProvider" depends-on-methods="com.evolveum.polygon.test.scim.Testclass.createObjectOnResourcesTest" finished-at="2016-08-15T16:04:46Z">
          <params>
            <param index="0">
              <value>
                <![CDATA[single]]>
              </value>
            </param>
            <param index="1">
              <value>
                <![CDATA[Attribute: {Name=__UID__, Value=[U21DW4E01]}]]>
              </value>
            </param>
          </params>
          <reporter-output>
          </reporter-output>
        </test-method> <!-- updateUserResourceObjectTest -->
        <test-method status="PASS" signature="cleanup(org.testng.ITestResult)[pri:0, instance:com.evolveum.polygon.test.scim.Testclass@36d4b5c]" name="cleanup" is-config="true" duration-ms="1" started-at="2016-08-15T16:04:46Z" finished-at="2016-08-15T16:04:46Z">
          <params>
            <param index="0">
              <value>
                <![CDATA[[TestResult name=updateUserResourceObjectTest status=SUCCESS method=Testclass.updateUserResourceObjectTest(java.lang.String, org.identityconnectors.framework.common.objects.Uid)[pri:0, instance:com.evolveum.polygon.test.scim.Testclass@36d4b5c] output={null}]]]>
              </value>
            </param>
          </params>
          <reporter-output>
          </reporter-output>
        </test-method> <!-- cleanup -->
        <test-method status="PASS" signature="updateUserResourceObjectTest(java.lang.String, org.identityconnectors.framework.common.objects.Uid)[pri:0, instance:com.evolveum.polygon.test.scim.Testclass@36d4b5c]" name="updateUserResourceObjectTest" duration-ms="573" started-at="2016-08-15T16:04:46Z" data-provider="updateUserResourceObjectTestProvider" depends-on-methods="com.evolveum.polygon.test.scim.Testclass.createObjectOnResourcesTest" finished-at="2016-08-15T16:04:46Z">
          <params>
            <param index="0">
              <value>
                <![CDATA[multi]]>
              </value>
            </param>
            <param index="1">
              <value>
                <![CDATA[Attribute: {Name=__UID__, Value=[U21DW4E01]}]]>
              </value>
            </param>
          </params>
          <reporter-output>
          </reporter-output>
        </test-method> <!-- updateUserResourceObjectTest -->
        <test-method status="PASS" signature="cleanup(org.testng.ITestResult)[pri:0, instance:com.evolveum.polygon.test.scim.Testclass@36d4b5c]" name="cleanup" is-config="true" duration-ms="0" started-at="2016-08-15T16:04:46Z" finished-at="2016-08-15T16:04:46Z">
          <params>
            <param index="0">
              <value>
                <![CDATA[[TestResult name=updateUserResourceObjectTest status=SUCCESS method=Testclass.updateUserResourceObjectTest(java.lang.String, org.identityconnectors.framework.common.objects.Uid)[pri:0, instance:com.evolveum.polygon.test.scim.Testclass@36d4b5c] output={null}]]]>
              </value>
            </param>
          </params>
          <reporter-output>
          </reporter-output>
        </test-method> <!-- cleanup -->
        <test-method status="PASS" signature="updateUserResourceObjectTest(java.lang.String, org.identityconnectors.framework.common.objects.Uid)[pri:0, instance:com.evolveum.polygon.test.scim.Testclass@36d4b5c]" name="updateUserResourceObjectTest" duration-ms="531" started-at="2016-08-15T16:04:46Z" data-provider="updateUserResourceObjectTestProvider" depends-on-methods="com.evolveum.polygon.test.scim.Testclass.createObjectOnResourcesTest" finished-at="2016-08-15T16:04:47Z">
          <params>
            <param index="0">
              <value>
                <![CDATA[disabled]]>
              </value>
            </param>
            <param index="1">
              <value>
                <![CDATA[Attribute: {Name=__UID__, Value=[U21DW4E01]}]]>
              </value>
            </param>
          </params>
          <reporter-output>
          </reporter-output>
        </test-method> <!-- updateUserResourceObjectTest -->
        <test-method status="PASS" signature="cleanup(org.testng.ITestResult)[pri:0, instance:com.evolveum.polygon.test.scim.Testclass@36d4b5c]" name="cleanup" is-config="true" duration-ms="0" started-at="2016-08-15T16:04:47Z" finished-at="2016-08-15T16:04:47Z">
          <params>
            <param index="0">
              <value>
                <![CDATA[[TestResult name=updateUserResourceObjectTest status=SUCCESS method=Testclass.updateUserResourceObjectTest(java.lang.String, org.identityconnectors.framework.common.objects.Uid)[pri:0, instance:com.evolveum.polygon.test.scim.Testclass@36d4b5c] output={null}]]]>
              </value>
            </param>
          </params>
          <reporter-output>
          </reporter-output>
        </test-method> <!-- cleanup -->
        <test-method status="PASS" signature="updateUserResourceObjectTest(java.lang.String, org.identityconnectors.framework.common.objects.Uid)[pri:0, instance:com.evolveum.polygon.test.scim.Testclass@36d4b5c]" name="updateUserResourceObjectTest" duration-ms="783" started-at="2016-08-15T16:04:47Z" data-provider="updateUserResourceObjectTestProvider" depends-on-methods="com.evolveum.polygon.test.scim.Testclass.createObjectOnResourcesTest" finished-at="2016-08-15T16:04:48Z">
          <params>
            <param index="0">
              <value>
                <![CDATA[enabled]]>
              </value>
            </param>
            <param index="1">
              <value>
                <![CDATA[Attribute: {Name=__UID__, Value=[U21DW4E01]}]]>
              </value>
            </param>
          </params>
          <reporter-output>
          </reporter-output>
        </test-method> <!-- updateUserResourceObjectTest -->
        <test-method status="PASS" signature="cleanup(org.testng.ITestResult)[pri:0, instance:com.evolveum.polygon.test.scim.Testclass@36d4b5c]" name="cleanup" is-config="true" duration-ms="0" started-at="2016-08-15T16:04:48Z" finished-at="2016-08-15T16:04:48Z">
          <params>
            <param index="0">
              <value>
                <![CDATA[[TestResult name=updateUserResourceObjectTest status=SUCCESS method=Testclass.updateUserResourceObjectTest(java.lang.String, org.identityconnectors.framework.common.objects.Uid)[pri:0, instance:com.evolveum.polygon.test.scim.Testclass@36d4b5c] output={null}]]]>
              </value>
            </param>
          </params>
          <reporter-output>
          </reporter-output>
        </test-method> <!-- cleanup -->
        <test-method status="PASS" signature="updateGroupResourceObjectTest(java.lang.String, org.identityconnectors.framework.common.objects.Uid)[pri:0, instance:com.evolveum.polygon.test.scim.Testclass@36d4b5c]" name="updateGroupResourceObjectTest" duration-ms="624" started-at="2016-08-15T16:04:48Z" data-provider="updateGroupResourceObjectTestProvider" depends-on-methods="com.evolveum.polygon.test.scim.Testclass.createObjectOnResourcesTest" finished-at="2016-08-15T16:04:48Z">
          <params>
            <param index="0">
              <value>
                <![CDATA[single]]>
              </value>
            </param>
            <param index="1">
              <value>
                <![CDATA[Attribute: {Name=__UID__, Value=[S21DW4K09]}]]>
              </value>
            </param>
          </params>
          <reporter-output>
          </reporter-output>
        </test-method> <!-- updateGroupResourceObjectTest -->
        <test-method status="PASS" signature="cleanup(org.testng.ITestResult)[pri:0, instance:com.evolveum.polygon.test.scim.Testclass@36d4b5c]" name="cleanup" is-config="true" duration-ms="0" started-at="2016-08-15T16:04:48Z" finished-at="2016-08-15T16:04:48Z">
          <params>
            <param index="0">
              <value>
                <![CDATA[[TestResult name=updateGroupResourceObjectTest status=SUCCESS method=Testclass.updateGroupResourceObjectTest(java.lang.String, org.identityconnectors.framework.common.objects.Uid)[pri:0, instance:com.evolveum.polygon.test.scim.Testclass@36d4b5c] output={null}]]]>
              </value>
            </param>
          </params>
          <reporter-output>
          </reporter-output>
        </test-method> <!-- cleanup -->
        <test-method status="PASS" signature="updateGroupResourceObjectTest(java.lang.String, org.identityconnectors.framework.common.objects.Uid)[pri:0, instance:com.evolveum.polygon.test.scim.Testclass@36d4b5c]" name="updateGroupResourceObjectTest" duration-ms="662" started-at="2016-08-15T16:04:48Z" data-provider="updateGroupResourceObjectTestProvider" depends-on-methods="com.evolveum.polygon.test.scim.Testclass.createObjectOnResourcesTest" finished-at="2016-08-15T16:04:49Z">
          <params>
            <param index="0">
              <value>
                <![CDATA[multi]]>
              </value>
            </param>
            <param index="1">
              <value>
                <![CDATA[Attribute: {Name=__UID__, Value=[S21DW4K09]}]]>
              </value>
            </param>
          </params>
          <reporter-output>
          </reporter-output>
        </test-method> <!-- updateGroupResourceObjectTest -->
        <test-method status="PASS" signature="cleanup(org.testng.ITestResult)[pri:0, instance:com.evolveum.polygon.test.scim.Testclass@36d4b5c]" name="cleanup" is-config="true" duration-ms="0" started-at="2016-08-15T16:04:49Z" finished-at="2016-08-15T16:04:49Z">
          <params>
            <param index="0">
              <value>
                <![CDATA[[TestResult name=updateGroupResourceObjectTest status=SUCCESS method=Testclass.updateGroupResourceObjectTest(java.lang.String, org.identityconnectors.framework.common.objects.Uid)[pri:0, instance:com.evolveum.polygon.test.scim.Testclass@36d4b5c] output={null}]]]>
              </value>
            </param>
          </params>
          <reporter-output>
          </reporter-output>
        </test-method> <!-- cleanup -->
        <test-method status="FAIL" signature="listAllfromResourcesTest(int, java.lang.String)[pri:0, instance:com.evolveum.polygon.test.scim.Testclass@36d4b5c]" name="listAllfromResourcesTest" duration-ms="994" started-at="2016-08-15T16:04:49Z" data-provider="listAllfromResourcesProvider" depends-on-methods="com.evolveum.polygon.test.scim.Testclass.createObjectOnResourcesTest" finished-at="2016-08-15T16:04:50Z">
          <params>
            <param index="0">
              <value>
                <![CDATA[1]]>
              </value>
            </param>
            <param index="1">
              <value>
                <![CDATA[users]]>
              </value>
            </param>
          </params>
          <exception class="java.lang.AssertionError">
            <message>
              <![CDATA[expected [1] but found [4]]]>
            </message>
            <full-stacktrace>
              <![CDATA[java.lang.AssertionError: expected [1] but found [4]
	at org.testng.Assert.fail(Assert.java:94)
	at org.testng.Assert.failNotEquals(Assert.java:494)
	at org.testng.Assert.assertEquals(Assert.java:123)
	at org.testng.Assert.assertEquals(Assert.java:370)
	at org.testng.Assert.assertEquals(Assert.java:380)
	at com.evolveum.polygon.test.scim.Testclass.listAllfromResourcesTest(Testclass.java:225)
	at sun.reflect.NativeMethodAccessorImpl.invoke0(Native Method)
	at sun.reflect.NativeMethodAccessorImpl.invoke(NativeMethodAccessorImpl.java:62)
	at sun.reflect.DelegatingMethodAccessorImpl.invoke(DelegatingMethodAccessorImpl.java:43)
	at java.lang.reflect.Method.invoke(Method.java:498)
	at org.testng.internal.MethodInvocationHelper.invokeMethod(MethodInvocationHelper.java:80)
	at org.testng.internal.Invoker.invokeMethod(Invoker.java:714)
	at org.testng.internal.Invoker.invokeTestMethod(Invoker.java:901)
	at org.testng.internal.Invoker.invokeTestMethods(Invoker.java:1231)
	at org.testng.internal.TestMethodWorker.invokeTestMethods(TestMethodWorker.java:127)
	at org.testng.internal.TestMethodWorker.run(TestMethodWorker.java:111)
	at org.testng.TestRunner.privateRun(TestRunner.java:767)
	at org.testng.TestRunner.run(TestRunner.java:617)
	at org.testng.SuiteRunner.runTest(SuiteRunner.java:334)
	at org.testng.SuiteRunner.runSequentially(SuiteRunner.java:329)
	at org.testng.SuiteRunner.privateRun(SuiteRunner.java:291)
	at org.testng.SuiteRunner.run(SuiteRunner.java:240)
	at org.testng.SuiteRunnerWorker.runSuite(SuiteRunnerWorker.java:52)
	at org.testng.SuiteRunnerWorker.run(SuiteRunnerWorker.java:86)
	at org.testng.TestNG.runSuitesSequentially(TestNG.java:1198)
	at org.testng.TestNG.runSuitesLocally(TestNG.java:1123)
	at org.testng.TestNG.run(TestNG.java:1031)
	at org.testng.remote.AbstractRemoteTestNG.run(AbstractRemoteTestNG.java:126)
	at org.testng.remote.RemoteTestNG.initAndRun(RemoteTestNG.java:137)
	at org.testng.remote.RemoteTestNG.main(RemoteTestNG.java:58)
]]>
            </full-stacktrace>
          </exception> <!-- java.lang.AssertionError -->
          <reporter-output>
          </reporter-output>
        </test-method> <!-- listAllfromResourcesTest -->
        <test-method status="PASS" signature="cleanup(org.testng.ITestResult)[pri:0, instance:com.evolveum.polygon.test.scim.Testclass@36d4b5c]" name="cleanup" is-config="true" duration-ms="846" started-at="2016-08-15T16:04:50Z" finished-at="2016-08-15T16:04:51Z">
          <params>
            <param index="0">
              <value>
                <![CDATA[[TestResult name=listAllfromResourcesTest status=FAILURE method=Testclass.listAllfromResourcesTest(int, java.lang.String)[pri:0, instance:com.evolveum.polygon.test.scim.Testclass@36d4b5c] output={null}]]]>
              </value>
            </param>
          </params>
          <reporter-output>
          </reporter-output>
        </test-method> <!-- cleanup -->
        <test-method status="FAIL" signature="listAllfromResourcesTest(int, java.lang.String)[pri:0, instance:com.evolveum.polygon.test.scim.Testclass@36d4b5c]" name="listAllfromResourcesTest" duration-ms="1082" started-at="2016-08-15T16:04:51Z" data-provider="listAllfromResourcesProvider" depends-on-methods="com.evolveum.polygon.test.scim.Testclass.createObjectOnResourcesTest" finished-at="2016-08-15T16:04:52Z">
          <params>
            <param index="0">
              <value>
                <![CDATA[1]]>
              </value>
            </param>
            <param index="1">
              <value>
                <![CDATA[groups]]>
              </value>
            </param>
          </params>
          <exception class="java.lang.AssertionError">
            <message>
              <![CDATA[expected [1] but found [6]]]>
            </message>
            <full-stacktrace>
              <![CDATA[java.lang.AssertionError: expected [1] but found [6]
	at org.testng.Assert.fail(Assert.java:94)
	at org.testng.Assert.failNotEquals(Assert.java:494)
	at org.testng.Assert.assertEquals(Assert.java:123)
	at org.testng.Assert.assertEquals(Assert.java:370)
	at org.testng.Assert.assertEquals(Assert.java:380)
	at com.evolveum.polygon.test.scim.Testclass.listAllfromResourcesTest(Testclass.java:225)
	at sun.reflect.NativeMethodAccessorImpl.invoke0(Native Method)
	at sun.reflect.NativeMethodAccessorImpl.invoke(NativeMethodAccessorImpl.java:62)
	at sun.reflect.DelegatingMethodAccessorImpl.invoke(DelegatingMethodAccessorImpl.java:43)
	at java.lang.reflect.Method.invoke(Method.java:498)
	at org.testng.internal.MethodInvocationHelper.invokeMethod(MethodInvocationHelper.java:80)
	at org.testng.internal.Invoker.invokeMethod(Invoker.java:714)
	at org.testng.internal.Invoker.invokeTestMethod(Invoker.java:901)
	at org.testng.internal.Invoker.invokeTestMethods(Invoker.java:1231)
	at org.testng.internal.TestMethodWorker.invokeTestMethods(TestMethodWorker.java:127)
	at org.testng.internal.TestMethodWorker.run(TestMethodWorker.java:111)
	at org.testng.TestRunner.privateRun(TestRunner.java:767)
	at org.testng.TestRunner.run(TestRunner.java:617)
	at org.testng.SuiteRunner.runTest(SuiteRunner.java:334)
	at org.testng.SuiteRunner.runSequentially(SuiteRunner.java:329)
	at org.testng.SuiteRunner.privateRun(SuiteRunner.java:291)
	at org.testng.SuiteRunner.run(SuiteRunner.java:240)
	at org.testng.SuiteRunnerWorker.runSuite(SuiteRunnerWorker.java:52)
	at org.testng.SuiteRunnerWorker.run(SuiteRunnerWorker.java:86)
	at org.testng.TestNG.runSuitesSequentially(TestNG.java:1198)
	at org.testng.TestNG.runSuitesLocally(TestNG.java:1123)
	at org.testng.TestNG.run(TestNG.java:1031)
	at org.testng.remote.AbstractRemoteTestNG.run(AbstractRemoteTestNG.java:126)
	at org.testng.remote.RemoteTestNG.initAndRun(RemoteTestNG.java:137)
	at org.testng.remote.RemoteTestNG.main(RemoteTestNG.java:58)
]]>
            </full-stacktrace>
          </exception> <!-- java.lang.AssertionError -->
          <reporter-output>
          </reporter-output>
        </test-method> <!-- listAllfromResourcesTest -->
        <test-method status="PASS" signature="cleanup(org.testng.ITestResult)[pri:0, instance:com.evolveum.polygon.test.scim.Testclass@36d4b5c]" name="cleanup" is-config="true" duration-ms="1069" started-at="2016-08-15T16:04:52Z" finished-at="2016-08-15T16:04:53Z">
          <params>
            <param index="0">
              <value>
                <![CDATA[[TestResult name=listAllfromResourcesTest status=FAILURE method=Testclass.listAllfromResourcesTest(int, java.lang.String)[pri:0, instance:com.evolveum.polygon.test.scim.Testclass@36d4b5c] output={null}]]]>
              </value>
            </param>
          </params>
          <reporter-output>
          </reporter-output>
        </test-method> <!-- cleanup -->
        <test-method status="PASS" signature="filterMethodTest(java.lang.String, java.lang.String)[pri:0, instance:com.evolveum.polygon.test.scim.Testclass@36d4b5c]" name="filterMethodTest" duration-ms="529" started-at="2016-08-15T16:04:53Z" data-provider="filterMethodTestProvider" depends-on-methods="com.evolveum.polygon.test.scim.Testclass.createObjectOnResourcesTest" finished-at="2016-08-15T16:04:54Z">
          <params>
            <param index="0">
              <value>
                <![CDATA[users]]>
              </value>
            </param>
            <param index="1">
              <value>
                <![CDATA[uid]]>
              </value>
            </param>
          </params>
          <reporter-output>
          </reporter-output>
        </test-method> <!-- filterMethodTest -->
        <test-method status="PASS" signature="cleanup(org.testng.ITestResult)[pri:0, instance:com.evolveum.polygon.test.scim.Testclass@36d4b5c]" name="cleanup" is-config="true" duration-ms="1" started-at="2016-08-15T16:04:54Z" finished-at="2016-08-15T16:04:54Z">
          <params>
            <param index="0">
              <value>
                <![CDATA[[TestResult name=filterMethodTest status=SUCCESS method=Testclass.filterMethodTest(java.lang.String, java.lang.String)[pri:0, instance:com.evolveum.polygon.test.scim.Testclass@36d4b5c] output={null}]]]>
              </value>
            </param>
          </params>
          <reporter-output>
          </reporter-output>
        </test-method> <!-- cleanup -->
        <test-method status="PASS" signature="deleteObjectfromResourcesTest(java.lang.String, org.identityconnectors.framework.common.objects.Uid)[pri:0, instance:com.evolveum.polygon.test.scim.Testclass@36d4b5c]" name="deleteObjectfromResourcesTest" duration-ms="1115" started-at="2016-08-15T16:04:54Z" data-provider="deletetObjectfromResourcesProvider" depends-on-methods="com.evolveum.polygon.test.scim.Testclass.createObjectOnResourcesTest" finished-at="2016-08-15T16:04:55Z">
          <params>
            <param index="0">
              <value>
                <![CDATA[users]]>
              </value>
            </param>
            <param index="1">
              <value>
                <![CDATA[Attribute: {Name=__UID__, Value=[U21DW4E01]}]]>
              </value>
            </param>
          </params>
          <reporter-output>
          </reporter-output>
        </test-method> <!-- deleteObjectfromResourcesTest -->
        <test-method status="PASS" signature="cleanup(org.testng.ITestResult)[pri:0, instance:com.evolveum.polygon.test.scim.Testclass@36d4b5c]" name="cleanup" is-config="true" duration-ms="1" started-at="2016-08-15T16:04:55Z" finished-at="2016-08-15T16:04:55Z">
          <params>
            <param index="0">
              <value>
                <![CDATA[[TestResult name=deleteObjectfromResourcesTest status=SUCCESS method=Testclass.deleteObjectfromResourcesTest(java.lang.String, org.identityconnectors.framework.common.objects.Uid)[pri:0, instance:com.evolveum.polygon.test.scim.Testclass@36d4b5c] output={null}]]]>
              </value>
            </param>
          </params>
          <reporter-output>
          </reporter-output>
        </test-method> <!-- cleanup -->
        <test-method status="PASS" signature="deleteObjectfromResourcesTest(java.lang.String, org.identityconnectors.framework.common.objects.Uid)[pri:0, instance:com.evolveum.polygon.test.scim.Testclass@36d4b5c]" name="deleteObjectfromResourcesTest" duration-ms="1545" started-at="2016-08-15T16:04:55Z" data-provider="deletetObjectfromResourcesProvider" depends-on-methods="com.evolveum.polygon.test.scim.Testclass.createObjectOnResourcesTest" finished-at="2016-08-15T16:04:56Z">
          <params>
            <param index="0">
              <value>
                <![CDATA[groups]]>
              </value>
            </param>
            <param index="1">
              <value>
                <![CDATA[Attribute: {Name=__UID__, Value=[S21DW4K09]}]]>
              </value>
            </param>
          </params>
          <reporter-output>
          </reporter-output>
        </test-method> <!-- deleteObjectfromResourcesTest -->
        <test-method status="PASS" signature="cleanup(org.testng.ITestResult)[pri:0, instance:com.evolveum.polygon.test.scim.Testclass@36d4b5c]" name="cleanup" is-config="true" duration-ms="1" started-at="2016-08-15T16:04:56Z" finished-at="2016-08-15T16:04:56Z">
          <params>
            <param index="0">
              <value>
                <![CDATA[[TestResult name=deleteObjectfromResourcesTest status=SUCCESS method=Testclass.deleteObjectfromResourcesTest(java.lang.String, org.identityconnectors.framework.common.objects.Uid)[pri:0, instance:com.evolveum.polygon.test.scim.Testclass@36d4b5c] output={null}]]]>
              </value>
            </param>
          </params>
          <reporter-output>
          </reporter-output>
        </test-method> <!-- cleanup -->
      </class> <!-- com.evolveum.polygon.test.scim.Testclass -->
    </test> <!-- Default test -->
  </suite> <!-- Default suite -->
</testng-results>
